2025-07-30 12:36:44.906 | INFO     | __main__:startup:370 - 泅 Iniciando Sistema de Conciliaﾃｧﾃ｣o Bancﾃ｡ria...
2025-07-30 12:36:44.907 | INFO     | __main__:startup:371 - 笨 Sistema iniciado com sucesso!
2025-07-30 12:45:50.244 | INFO     | __main__:startup:370 - 泅 Iniciando Sistema de Conciliaﾃｧﾃ｣o Bancﾃ｡ria...
2025-07-30 12:45:50.244 | INFO     | __main__:startup:371 - 笨 Sistema iniciado com sucesso!
2025-07-30 13:11:45.630 | INFO     | __main__:startup:370 - 泅 Iniciando Sistema de Conciliaﾃｧﾃ｣o Bancﾃ｡ria...
2025-07-30 13:11:45.631 | INFO     | __main__:startup:371 - 笨 Sistema iniciado com sucesso!
2025-07-30 15:40:40.704 | INFO     | __main__:startup:370 - 泅 Iniciando Sistema de Conciliaﾃｧﾃ｣o Bancﾃ｡ria...
2025-07-30 15:40:40.714 | INFO     | __main__:startup:371 - 笨 Sistema iniciado com sucesso!
2025-07-30 15:41:30.535 | INFO     | __main__:upload_extrato:906 - Recebido upload: extrato-pj-25_07_2025_16h14m18s(1).xlsx para banco AAI
2025-07-30 15:41:30.535 | INFO     | __main__:upload_extrato:935 - Lendo conteﾃｺdo do arquivo...
2025-07-30 15:41:30.535 | INFO     | __main__:upload_extrato:937 - Arquivo lido: 15174 bytes
2025-07-30 15:41:30.535 | INFO     | __main__:upload_extrato:939 - Processando arquivo...
2025-07-30 15:41:30.535 | INFO     | __main__:processar_arquivo:218 - Iniciando processamento de extrato-pj-25_07_2025_16h14m18s(1).xlsx para banco AAI
2025-07-30 15:41:30.536 | INFO     | __main__:processar_arquivo:257 - Processando arquivo Excel...
2025-07-30 15:41:30.817 | INFO     | __main__:processar_arquivo:264 - Arquivo lido com 154 linhas e colunas: ['Data', 'Histﾃｳrico', 'Documento', 'Valor (R$)', 'Saldo (R$)']
2025-07-30 15:41:30.828 | INFO     | __main__:processar_arquivo:357 - Processamento concluﾃｭdo para AAI: 154 transaﾃｧﾃｵes de 154 linhas
2025-07-30 15:41:30.829 | INFO     | __main__:upload_extrato:941 - Processadas 154 transaﾃｧﾃｵes
2025-07-30 15:41:30.829 | INFO     | __main__:upload_extrato:945 - Total de transaﾃｧﾃｵes no sistema: 154
2025-07-30 15:41:30.829 | INFO     | __main__:upload_extrato:958 - Extrato AAI processado com sucesso: 154 transaﾃｧﾃｵes
2025-07-30 15:43:05.759 | INFO     | __main__:conciliar_transacao:2834 - Recebida solicitaﾃｧﾃ｣o de conciliaﾃｧﾃ｣o: transacao_id='cdb9f940-c22a-4638-8a73-4f7d00f83499' classificacao='DESPESA COM RH' plano_contas='Assessor de Produtos' item='Variﾃ｡vel' forma_pagamento='PIX' banco_origem='AAI' centro_custo='Ribeirﾃ｣o Preto' nome_recebedor='GUILHERME ROSSETTI' data_pagamento='2025-07-18' data_referencia='2025-06-01' observacoes=''
2025-07-30 15:43:05.760 | INFO     | __main__:conciliar_transacao:2864 - Transaﾃｧﾃ｣o cdb9f940-c22a-4638-8a73-4f7d00f83499 conciliada com sucesso
2025-07-30 16:00:21.185 | INFO     | __main__:startup:370 - 泅 Iniciando Sistema de Conciliaﾃｧﾃ｣o Bancﾃ｡ria...
2025-07-30 16:00:21.186 | INFO     | __main__:startup:371 - 笨 Sistema iniciado com sucesso!
2025-07-30 16:03:00.383 | INFO     | __main__:startup:370 - 泅 Iniciando Sistema de Conciliaﾃｧﾃ｣o Bancﾃ｡ria...
2025-07-30 16:03:00.383 | INFO     | __main__:startup:371 - 笨 Sistema iniciado com sucesso!
2025-07-30 16:50:33.219 | INFO     | __main__:startup:370 - 泅 Iniciando Sistema de Conciliaﾃｧﾃ｣o Bancﾃ｡ria...
2025-07-30 16:50:33.219 | INFO     | __main__:startup:371 - 笨 Sistema iniciado com sucesso!
2025-07-30 16:51:33.238 | INFO     | __main__:startup:370 - 泅 Iniciando Sistema de Conciliaﾃｧﾃ｣o Bancﾃ｡ria...
2025-07-30 16:51:33.238 | INFO     | __main__:startup:371 - 笨 Sistema iniciado com sucesso!
2025-07-30 16:53:51.050 | INFO     | __main__:startup:370 - 泅 Iniciando Sistema de Conciliaﾃｧﾃ｣o Bancﾃ｡ria...
2025-07-30 16:53:51.051 | INFO     | __main__:startup:371 - 笨 Sistema iniciado com sucesso!
2025-07-30 16:57:23.777 | INFO     | __main__:startup:370 - 泅 Iniciando Sistema de Conciliaﾃｧﾃ｣o Bancﾃ｡ria...
2025-07-30 16:57:23.777 | INFO     | __main__:startup:371 - 笨 Sistema iniciado com sucesso!
2025-07-30 16:59:02.811 | INFO     | __main__:startup:370 - 泅 Iniciando Sistema de Conciliaﾃｧﾃ｣o Bancﾃ｡ria...
2025-07-30 16:59:02.811 | INFO     | __main__:startup:371 - 笨 Sistema iniciado com sucesso!
2025-07-30 17:05:45.079 | INFO     | __main__:startup:370 - 泅 Iniciando Sistema de Conciliaﾃｧﾃ｣o Bancﾃ｡ria...
2025-07-30 17:05:45.079 | INFO     | __main__:startup:371 - 笨 Sistema iniciado com sucesso!
2025-07-30 17:08:20.581 | INFO     | __main__:startup:370 - 泅 Iniciando Sistema de Conciliaﾃｧﾃ｣o Bancﾃ｡ria...
2025-07-30 17:08:20.581 | INFO     | __main__:startup:371 - 笨 Sistema iniciado com sucesso!
2025-07-30 17:09:19.834 | INFO     | __main__:upload_extrato:906 - Recebido upload: extrato-pj-25_07_2025_16h14m18s(1).xlsx para banco AAI
2025-07-30 17:09:19.835 | INFO     | __main__:upload_extrato:935 - Lendo conteﾃｺdo do arquivo...
2025-07-30 17:09:19.835 | INFO     | __main__:upload_extrato:937 - Arquivo lido: 15174 bytes
2025-07-30 17:09:19.835 | INFO     | __main__:upload_extrato:939 - Processando arquivo...
2025-07-30 17:09:19.835 | INFO     | __main__:processar_arquivo:218 - Iniciando processamento de extrato-pj-25_07_2025_16h14m18s(1).xlsx para banco AAI
2025-07-30 17:09:19.835 | INFO     | __main__:processar_arquivo:257 - Processando arquivo Excel...
2025-07-30 17:09:19.982 | INFO     | __main__:processar_arquivo:264 - Arquivo lido com 154 linhas e colunas: ['Data', 'Histﾃｳrico', 'Documento', 'Valor (R$)', 'Saldo (R$)']
2025-07-30 17:09:19.987 | INFO     | __main__:processar_arquivo:357 - Processamento concluﾃｭdo para AAI: 154 transaﾃｧﾃｵes de 154 linhas
2025-07-30 17:09:19.987 | INFO     | __main__:upload_extrato:941 - Processadas 154 transaﾃｧﾃｵes
2025-07-30 17:09:19.987 | INFO     | __main__:upload_extrato:945 - Total de transaﾃｧﾃｵes no sistema: 154
2025-07-30 17:09:19.987 | INFO     | __main__:upload_extrato:958 - Extrato AAI processado com sucesso: 154 transaﾃｧﾃｵes
2025-07-30 17:10:20.614 | INFO     | __main__:upload_extrato:906 - Recebido upload: Extrato Bancﾃ｡rio - EDUCA.xlsx para banco EDUCAﾃﾃグ
2025-07-30 17:10:20.614 | INFO     | __main__:upload_extrato:935 - Lendo conteﾃｺdo do arquivo...
2025-07-30 17:10:20.614 | INFO     | __main__:upload_extrato:937 - Arquivo lido: 26568 bytes
2025-07-30 17:10:20.614 | INFO     | __main__:upload_extrato:939 - Processando arquivo...
2025-07-30 17:10:20.615 | INFO     | __main__:processar_arquivo:218 - Iniciando processamento de Extrato Bancﾃ｡rio - EDUCA.xlsx para banco EDUCAﾃﾃグ
2025-07-30 17:10:20.615 | INFO     | __main__:processar_arquivo:257 - Processando arquivo Excel...
2025-07-30 17:10:20.634 | INFO     | __main__:processar_arquivo:264 - Arquivo lido com 423 linhas e colunas: ['Data', 'Histﾃｳrico', 'Documento', 'Valor (R$)', 'Saldo (R$)']
2025-07-30 17:10:20.708 | INFO     | __main__:processar_arquivo:357 - Processamento concluﾃｭdo para EDUCAﾃﾃグ: 419 transaﾃｧﾃｵes de 423 linhas
2025-07-30 17:10:20.708 | INFO     | __main__:upload_extrato:941 - Processadas 419 transaﾃｧﾃｵes
2025-07-30 17:10:20.708 | INFO     | __main__:upload_extrato:945 - Total de transaﾃｧﾃｵes no sistema: 573
2025-07-30 17:10:20.708 | INFO     | __main__:upload_extrato:958 - Extrato EDUCAﾃﾃグ processado com sucesso: 419 transaﾃｧﾃｵes
2025-07-30 17:10:39.744 | INFO     | __main__:limpar_dados:2807 - Dados limpos: 573 transaﾃｧﾃｵes e 2 extratos removidos
2025-07-30 17:10:50.420 | INFO     | __main__:upload_extrato:906 - Recebido upload: Extrato Bancﾃ｡rio - AAI.xlsx para banco AAI
2025-07-30 17:10:50.420 | INFO     | __main__:upload_extrato:935 - Lendo conteﾃｺdo do arquivo...
2025-07-30 17:10:50.420 | INFO     | __main__:upload_extrato:937 - Arquivo lido: 26506 bytes
2025-07-30 17:10:50.420 | INFO     | __main__:upload_extrato:939 - Processando arquivo...
2025-07-30 17:10:50.421 | INFO     | __main__:processar_arquivo:218 - Iniciando processamento de Extrato Bancﾃ｡rio - AAI.xlsx para banco AAI
2025-07-30 17:10:50.421 | INFO     | __main__:processar_arquivo:257 - Processando arquivo Excel...
2025-07-30 17:10:50.435 | INFO     | __main__:processar_arquivo:264 - Arquivo lido com 448 linhas e colunas: ['Data', 'Histﾃｳrico', 'Documento', 'Valor (R$)', 'Saldo (R$)']
2025-07-30 17:10:50.450 | INFO     | __main__:processar_arquivo:357 - Processamento concluﾃｭdo para AAI: 444 transaﾃｧﾃｵes de 448 linhas
2025-07-30 17:10:50.451 | INFO     | __main__:upload_extrato:941 - Processadas 444 transaﾃｧﾃｵes
2025-07-30 17:10:50.451 | INFO     | __main__:upload_extrato:945 - Total de transaﾃｧﾃｵes no sistema: 444
2025-07-30 17:10:50.451 | INFO     | __main__:upload_extrato:958 - Extrato AAI processado com sucesso: 444 transaﾃｧﾃｵes
2025-07-30 17:11:04.372 | INFO     | __main__:upload_extrato:906 - Recebido upload: Extrato Bancﾃ｡rio - EDUCA.xlsx para banco EDUCAﾃﾃグ
2025-07-30 17:11:04.372 | INFO     | __main__:upload_extrato:935 - Lendo conteﾃｺdo do arquivo...
2025-07-30 17:11:04.372 | INFO     | __main__:upload_extrato:937 - Arquivo lido: 26568 bytes
2025-07-30 17:11:04.372 | INFO     | __main__:upload_extrato:939 - Processando arquivo...
2025-07-30 17:11:04.372 | INFO     | __main__:processar_arquivo:218 - Iniciando processamento de Extrato Bancﾃ｡rio - EDUCA.xlsx para banco EDUCAﾃﾃグ
2025-07-30 17:11:04.372 | INFO     | __main__:processar_arquivo:257 - Processando arquivo Excel...
2025-07-30 17:11:04.386 | INFO     | __main__:processar_arquivo:264 - Arquivo lido com 423 linhas e colunas: ['Data', 'Histﾃｳrico', 'Documento', 'Valor (R$)', 'Saldo (R$)']
2025-07-30 17:11:04.453 | INFO     | __main__:processar_arquivo:357 - Processamento concluﾃｭdo para EDUCAﾃﾃグ: 419 transaﾃｧﾃｵes de 423 linhas
2025-07-30 17:11:04.453 | INFO     | __main__:upload_extrato:941 - Processadas 419 transaﾃｧﾃｵes
2025-07-30 17:11:04.453 | INFO     | __main__:upload_extrato:945 - Total de transaﾃｧﾃｵes no sistema: 863
2025-07-30 17:11:04.453 | INFO     | __main__:upload_extrato:958 - Extrato EDUCAﾃﾃグ processado com sucesso: 419 transaﾃｧﾃｵes
2025-07-31 10:36:52.886 | INFO     | __main__:startup:370 - 泅 Iniciando Sistema de Conciliaﾃｧﾃ｣o Bancﾃ｡ria...
2025-07-31 10:36:52.887 | INFO     | __main__:startup:371 - 笨 Sistema iniciado com sucesso!
2025-07-31 10:37:44.744 | INFO     | __main__:upload_extrato:906 - Recebido upload: extrato-pj-25_07_2025_16h14m18s(1).xlsx para banco AAI
2025-07-31 10:37:44.744 | INFO     | __main__:upload_extrato:935 - Lendo conteﾃｺdo do arquivo...
2025-07-31 10:37:44.744 | INFO     | __main__:upload_extrato:937 - Arquivo lido: 15174 bytes
2025-07-31 10:37:44.744 | INFO     | __main__:upload_extrato:939 - Processando arquivo...
2025-07-31 10:37:44.744 | INFO     | __main__:processar_arquivo:218 - Iniciando processamento de extrato-pj-25_07_2025_16h14m18s(1).xlsx para banco AAI
2025-07-31 10:37:44.745 | INFO     | __main__:processar_arquivo:257 - Processando arquivo Excel...
2025-07-31 10:37:45.066 | INFO     | __main__:processar_arquivo:264 - Arquivo lido com 154 linhas e colunas: ['Data', 'Histﾃｳrico', 'Documento', 'Valor (R$)', 'Saldo (R$)']
2025-07-31 10:37:45.072 | INFO     | __main__:processar_arquivo:357 - Processamento concluﾃｭdo para AAI: 154 transaﾃｧﾃｵes de 154 linhas
2025-07-31 10:37:45.073 | INFO     | __main__:upload_extrato:941 - Processadas 154 transaﾃｧﾃｵes
2025-07-31 10:37:45.073 | INFO     | __main__:upload_extrato:945 - Total de transaﾃｧﾃｵes no sistema: 154
2025-07-31 10:37:45.073 | INFO     | __main__:upload_extrato:958 - Extrato AAI processado com sucesso: 154 transaﾃｧﾃｵes
2025-07-31 11:06:07.748 | INFO     | __main__:startup:370 - 泅 Iniciando Sistema de Conciliaﾃｧﾃ｣o Bancﾃ｡ria...
2025-07-31 11:06:07.748 | INFO     | __main__:startup:371 - 笨 Sistema iniciado com sucesso!
2025-07-31 11:06:20.619 | INFO     | __main__:upload_extrato:906 - Recebido upload: extrato-pj-25_07_2025_16h14m18s(1).xlsx para banco AAI
2025-07-31 11:06:20.619 | INFO     | __main__:upload_extrato:935 - Lendo conteﾃｺdo do arquivo...
2025-07-31 11:06:20.620 | INFO     | __main__:upload_extrato:937 - Arquivo lido: 15174 bytes
2025-07-31 11:06:20.620 | INFO     | __main__:upload_extrato:939 - Processando arquivo...
2025-07-31 11:06:20.620 | INFO     | __main__:processar_arquivo:218 - Iniciando processamento de extrato-pj-25_07_2025_16h14m18s(1).xlsx para banco AAI
2025-07-31 11:06:20.620 | INFO     | __main__:processar_arquivo:257 - Processando arquivo Excel...
2025-07-31 11:06:20.764 | INFO     | __main__:processar_arquivo:264 - Arquivo lido com 154 linhas e colunas: ['Data', 'Histﾃｳrico', 'Documento', 'Valor (R$)', 'Saldo (R$)']
2025-07-31 11:06:20.769 | INFO     | __main__:processar_arquivo:357 - Processamento concluﾃｭdo para AAI: 154 transaﾃｧﾃｵes de 154 linhas
2025-07-31 11:06:20.769 | INFO     | __main__:upload_extrato:941 - Processadas 154 transaﾃｧﾃｵes
2025-07-31 11:06:20.769 | INFO     | __main__:upload_extrato:945 - Total de transaﾃｧﾃｵes no sistema: 154
2025-07-31 11:06:20.769 | INFO     | __main__:upload_extrato:958 - Extrato AAI processado com sucesso: 154 transaﾃｧﾃｵes
2025-07-31 11:25:08.958 | INFO     | __main__:startup:370 - 泅 Iniciando Sistema de Conciliaﾃｧﾃ｣o Bancﾃ｡ria...
2025-07-31 11:25:08.959 | INFO     | __main__:startup:371 - 笨 Sistema iniciado com sucesso!
2025-07-31 11:25:22.858 | INFO     | __main__:upload_extrato:906 - Recebido upload: extrato-pj-25_07_2025_16h14m18s(1).xlsx para banco AAI
2025-07-31 11:25:22.858 | INFO     | __main__:upload_extrato:935 - Lendo conteﾃｺdo do arquivo...
2025-07-31 11:25:22.858 | INFO     | __main__:upload_extrato:937 - Arquivo lido: 15174 bytes
2025-07-31 11:25:22.858 | INFO     | __main__:upload_extrato:939 - Processando arquivo...
2025-07-31 11:25:22.858 | INFO     | __main__:processar_arquivo:218 - Iniciando processamento de extrato-pj-25_07_2025_16h14m18s(1).xlsx para banco AAI
2025-07-31 11:25:22.859 | INFO     | __main__:processar_arquivo:257 - Processando arquivo Excel...
2025-07-31 11:25:22.998 | INFO     | __main__:processar_arquivo:264 - Arquivo lido com 154 linhas e colunas: ['Data', 'Histﾃｳrico', 'Documento', 'Valor (R$)', 'Saldo (R$)']
2025-07-31 11:25:23.002 | INFO     | __main__:processar_arquivo:357 - Processamento concluﾃｭdo para AAI: 154 transaﾃｧﾃｵes de 154 linhas
2025-07-31 11:25:23.002 | INFO     | __main__:upload_extrato:941 - Processadas 154 transaﾃｧﾃｵes
2025-07-31 11:25:23.003 | INFO     | __main__:upload_extrato:945 - Total de transaﾃｧﾃｵes no sistema: 154
2025-07-31 11:25:23.003 | INFO     | __main__:upload_extrato:958 - Extrato AAI processado com sucesso: 154 transaﾃｧﾃｵes
2025-07-31 11:27:31.315 | INFO     | __main__:startup:370 - 泅 Iniciando Sistema de Conciliaﾃｧﾃ｣o Bancﾃ｡ria...
2025-07-31 11:27:31.316 | INFO     | __main__:startup:371 - 笨 Sistema iniciado com sucesso!
2025-07-31 11:27:39.744 | INFO     | __main__:upload_extrato:906 - Recebido upload: extrato-pj-25_07_2025_16h14m18s(1).xlsx para banco AAI
2025-07-31 11:27:39.745 | INFO     | __main__:upload_extrato:935 - Lendo conteﾃｺdo do arquivo...
2025-07-31 11:27:39.745 | INFO     | __main__:upload_extrato:937 - Arquivo lido: 15174 bytes
2025-07-31 11:27:39.745 | INFO     | __main__:upload_extrato:939 - Processando arquivo...
2025-07-31 11:27:39.745 | INFO     | __main__:processar_arquivo:218 - Iniciando processamento de extrato-pj-25_07_2025_16h14m18s(1).xlsx para banco AAI
2025-07-31 11:27:39.745 | INFO     | __main__:processar_arquivo:257 - Processando arquivo Excel...
2025-07-31 11:27:39.879 | INFO     | __main__:processar_arquivo:264 - Arquivo lido com 154 linhas e colunas: ['Data', 'Histﾃｳrico', 'Documento', 'Valor (R$)', 'Saldo (R$)']
2025-07-31 11:27:39.884 | INFO     | __main__:processar_arquivo:357 - Processamento concluﾃｭdo para AAI: 154 transaﾃｧﾃｵes de 154 linhas
2025-07-31 11:27:39.884 | INFO     | __main__:upload_extrato:941 - Processadas 154 transaﾃｧﾃｵes
2025-07-31 11:27:39.884 | INFO     | __main__:upload_extrato:945 - Total de transaﾃｧﾃｵes no sistema: 154
2025-07-31 11:27:39.884 | INFO     | __main__:upload_extrato:958 - Extrato AAI processado com sucesso: 154 transaﾃｧﾃｵes
2025-07-31 11:28:06.367 | INFO     | __main__:conciliar_transacao:3029 - Recebida solicitaﾃｧﾃ｣o de conciliaﾃｧﾃ｣o: transacao_id='1d2b1aa9-3e43-4f35-a7cf-02147ef114f8' classificacao='DESPESAS FINANCEIRAS' plano_contas='Outros Valores' item='0' forma_pagamento='Tarifa' banco_origem='AAI' centro_custo='Thera Geral' nome_recebedor='BANCO' data_pagamento='2025-07-25' data_referencia='2025-06-01' observacoes='TESTE DE PREENCHIMENTO'
2025-07-31 11:28:06.367 | INFO     | __main__:conciliar_transacao:3059 - Transaﾃｧﾃ｣o 1d2b1aa9-3e43-4f35-a7cf-02147ef114f8 conciliada com sucesso
2025-07-31 11:43:44.611 | INFO     | __main__:limpar_dados:3002 - Dados limpos: 154 transaﾃｧﾃｵes e 1 extratos removidos
2025-07-31 11:45:04.490 | INFO     | __main__:upload_extrato:906 - Recebido upload: extrato-pj-25_07_2025_16h14m18s(1).xlsx para banco AAI
2025-07-31 11:45:04.490 | INFO     | __main__:upload_extrato:935 - Lendo conteﾃｺdo do arquivo...
2025-07-31 11:45:04.490 | INFO     | __main__:upload_extrato:937 - Arquivo lido: 15174 bytes
2025-07-31 11:45:04.491 | INFO     | __main__:upload_extrato:939 - Processando arquivo...
2025-07-31 11:45:04.491 | INFO     | __main__:processar_arquivo:218 - Iniciando processamento de extrato-pj-25_07_2025_16h14m18s(1).xlsx para banco AAI
2025-07-31 11:45:04.491 | INFO     | __main__:processar_arquivo:257 - Processando arquivo Excel...
2025-07-31 11:45:04.497 | INFO     | __main__:processar_arquivo:264 - Arquivo lido com 154 linhas e colunas: ['Data', 'Histﾃｳrico', 'Documento', 'Valor (R$)', 'Saldo (R$)']
2025-07-31 11:45:04.503 | INFO     | __main__:processar_arquivo:357 - Processamento concluﾃｭdo para AAI: 154 transaﾃｧﾃｵes de 154 linhas
2025-07-31 11:45:04.504 | INFO     | __main__:upload_extrato:941 - Processadas 154 transaﾃｧﾃｵes
2025-07-31 11:45:04.504 | INFO     | __main__:upload_extrato:945 - Total de transaﾃｧﾃｵes no sistema: 154
2025-07-31 11:45:04.504 | INFO     | __main__:upload_extrato:958 - Extrato AAI processado com sucesso: 154 transaﾃｧﾃｵes
2025-07-31 11:46:30.238 | INFO     | __main__:conciliar_transacao:3029 - Recebida solicitaﾃｧﾃ｣o de conciliaﾃｧﾃ｣o: transacao_id='3b6f971e-dd3d-4baa-a04e-b9c7e4154cf6' classificacao='DESPESA COM RH' plano_contas='Assessor de Produtos' item='Bﾃｴnus ' forma_pagamento='PIX' banco_origem='AAI' centro_custo='Ribeirﾃ｣o Preto' nome_recebedor='Guilherme Rossetti' data_pagamento='2025-07-18' data_referencia='2025-06-30' observacoes='bonus tralalala'
2025-07-31 11:46:30.238 | INFO     | __main__:conciliar_transacao:3059 - Transaﾃｧﾃ｣o 3b6f971e-dd3d-4baa-a04e-b9c7e4154cf6 conciliada com sucesso
2025-07-31 12:36:09.150 | INFO     | __main__:startup:447 - 泅 Iniciando Sistema de Conciliaﾃｧﾃ｣o Bancﾃ｡ria...
2025-07-31 12:36:09.150 | INFO     | __main__:startup:448 - 笨 Sistema iniciado com sucesso!
2025-07-31 12:36:23.431 | INFO     | __main__:upload_extrato:1051 - Recebido upload: extrato-pj-25_07_2025_16h14m18s(1).xlsx para banco AAI
2025-07-31 12:36:23.431 | INFO     | __main__:upload_extrato:1080 - Lendo conteﾃｺdo do arquivo...
2025-07-31 12:36:23.432 | INFO     | __main__:upload_extrato:1082 - Arquivo lido: 15174 bytes
2025-07-31 12:36:23.432 | INFO     | __main__:upload_extrato:1084 - Processando arquivo...
2025-07-31 12:36:23.432 | INFO     | __main__:processar_arquivo:219 - Iniciando processamento de extrato-pj-25_07_2025_16h14m18s(1).xlsx para banco AAI
2025-07-31 12:36:23.432 | INFO     | __main__:processar_arquivo:258 - Processando arquivo Excel...
2025-07-31 12:36:23.577 | INFO     | __main__:processar_arquivo:265 - Arquivo lido com 154 linhas e colunas: ['Data', 'Histﾃｳrico', 'Documento', 'Valor (R$)', 'Saldo (R$)']
2025-07-31 12:36:23.582 | INFO     | __main__:processar_arquivo:359 - Processamento concluﾃｭdo para AAI: 154 transaﾃｧﾃｵes de 154 linhas
2025-07-31 12:36:23.582 | INFO     | __main__:upload_extrato:1086 - Processadas 154 transaﾃｧﾃｵes
2025-07-31 12:36:23.582 | INFO     | __main__:upload_extrato:1090 - Total de transaﾃｧﾃｵes no sistema: 154
2025-07-31 12:36:23.582 | INFO     | __main__:upload_extrato:1103 - Extrato AAI processado com sucesso: 154 transaﾃｧﾃｵes
